<?xml version="1.0" encoding="UTF-8" ?>
<testsuite failures="0" time="0.063" errors="0" skipped="0" tests="4" name="com.manning.junitbook.ch14.servlets.TestAdminServlet">
  <properties>
    <property name="java.runtime.name" value="Java(TM) SE Runtime Environment"/>
    <property name="sun.boot.library.path" value="C:\Program Files\Java\jdk1.6.0_10\jre\bin"/>
    <property name="java.vm.version" value="11.0-b15"/>
    <property name="java.vm.vendor" value="Sun Microsystems Inc."/>
    <property name="java.vendor.url" value="http://java.sun.com/"/>
    <property name="path.separator" value=";"/>
    <property name="java.vm.name" value="Java HotSpot(TM) Client VM"/>
    <property name="file.encoding.pkg" value="sun.io"/>
    <property name="user.country" value="US"/>
    <property name="sun.java.launcher" value="SUN_STANDARD"/>
    <property name="sun.os.patch.level" value="Service Pack 3"/>
    <property name="java.vm.specification.name" value="Java Virtual Machine Specification"/>
    <property name="user.dir" value="C:\junitbook2\ch14-cactus\war"/>
    <property name="java.runtime.version" value="1.6.0_10-b33"/>
    <property name="java.awt.graphicsenv" value="sun.awt.Win32GraphicsEnvironment"/>
    <property name="basedir" value="C:\junitbook2\ch14-cactus\war"/>
    <property name="java.endorsed.dirs" value="C:\Program Files\Java\jdk1.6.0_10\jre\lib\endorsed"/>
    <property name="os.arch" value="x86"/>
    <property name="surefire.real.class.path" value="C:\DOCUME~1\PETAR~1.TAH\LOCALS~1\Temp\surefirebooter1553.jar"/>
    <property name="java.io.tmpdir" value="C:\DOCUME~1\PETAR~1.TAH\LOCALS~1\Temp\"/>
    <property name="line.separator" value="
"/>
    <property name="java.vm.specification.vendor" value="Sun Microsystems Inc."/>
    <property name="user.variant" value=""/>
    <property name="os.name" value="Windows XP"/>
    <property name="sun.jnu.encoding" value="Cp1252"/>
    <property name="java.library.path" value="C:\Program Files\Java\jdk1.6.0_10\jre\bin;.;C:\WINDOWS\Sun\Java\bin;C:\WINDOWS\system32;C:\WINDOWS;C:\WINDOWS\system32;C:\WINDOWS;C:\WINDOWS\System32\Wbem;C:\Program Files\Intel\WiFi\bin\;C:\Program Files\Java\jdk1.6.0_10\bin;D:\apache\apache-ant-1.7.0\bin;D:\apache\apache-maven-2.0.9\bin;C:\WINDOWS\system32;C:\WINDOWS;C:\WINDOWS\System32\Wbem;C:\Program Files\Intel\WiFi\bin\;C:\Program Files\Java\jdk1.6.0_10\bin;D:\apache\apache-ant-1.7.0\bin;D:\apache\apache-maven-2.0.9\bin;C:\Program Files\TortoiseSVN\bin;C:\Program Files\Java\jdk1.6.0_10\bin;D:\apache\apache-ant-1.7.0\bin;D:\apache\apache-maven-2.0.9\bin;C:\Program Files\CVSNT\;D:\cobertura\cobertura-1.9;C:\Program Files\Common Files\Teleca Shared;C:\strawberry\c\bin;C:\strawberry\perl\bin;C:\WINDOWS\system32\WindowsPowerShell\v1.0;C:\Program Files\QuickTime\QTSystem\;C:\Program Files\Support Tools\;C:\WINDOWS\system32;C:\WINDOWS;C:\WINDOWS\System32\Wbem;C:\Program Files\Intel\WiFi\bin\;C:\Program Files\Java\jdk1.6.0_10\bin;D:\apache\apache-ant-1.7.0\bin;D:\apache\apache-maven-2.0.9\bin;C:\WINDOWS\system32;C:\WINDOWS;C:\WINDOWS\System32\Wbem;C:\Program Files\Intel\WiFi\bin\;C:\Program Files\Java\jdk1.6.0_10\bin;D:\apache\apache-ant-1.7.0\bin;D:\apache\apache-maven-2.0.9\bin;C:\Program Files\TortoiseSVN\bin;C:\Program Files\Java\jdk1.6.0_10\bin;D:\apache\apache-ant-1.7.0\bin;D:\apache\apache-maven-2.0.9\bin;C:\Program Files\CVSNT\;D:\cobertura\cobertura-1.9;C:\Program Files\Common Files\Teleca Shared;C:\strawberry\c\bin;C:\strawberry\perl\bin;C:\WINDOWS\system32\WindowsPowerShell\v1.0;C:\Program Files\QuickTime\QTSystem\;C:\Program Files\Support Tools\;d:\bin\;C:\Program Files\Java\jdk1.6.0_10\bin;D:\apache\apache-ant-1.7.1\bin;D:\apache\apache-maven-2.1.0\bin;C:\Program Files\CVSNT\;D:\cobertura\cobertura-1.9;C:\Program Files\Nmap"/>
    <property name="surefire.test.class.path" value="C:\junitbook2\ch14-cactus\war\target\test-classes;C:\junitbook2\ch14-cactus\war\target\classes;C:\Documents and Settings\petar.tahchiev\.m2\repository\org\apache\cactus\cactus.core.framework.uberjar.javaEE.14\1.8.1\cactus.core.framework.uberjar.javaEE.14-1.8.1.jar;C:\Documents and Settings\petar.tahchiev\.m2\repository\org\apache\cactus\cactus.core.framework.wrapper.javaEE.14\1.8.1\cactus.core.framework.wrapper.javaEE.14-1.8.1.jar;C:\Documents and Settings\petar.tahchiev\.m2\repository\org\apache\cactus\cactus.core.framework.javaEE.13-14\1.8.1\cactus.core.framework.javaEE.13-14-1.8.1.jar;C:\Documents and Settings\petar.tahchiev\.m2\repository\org\apache\cactus\cactus.core.framework.javaEE.12-13-14\1.8.1\cactus.core.framework.javaEE.12-13-14-1.8.1.jar;C:\Documents and Settings\petar.tahchiev\.m2\repository\commons-logging\commons-logging\1.1\commons-logging-1.1.jar;C:\Documents and Settings\petar.tahchiev\.m2\repository\log4j\log4j\1.2.12\log4j-1.2.12.jar;C:\Documents and Settings\petar.tahchiev\.m2\repository\logkit\logkit\1.0.1\logkit-1.0.1.jar;C:\Documents and Settings\petar.tahchiev\.m2\repository\avalon-framework\avalon-framework\4.1.3\avalon-framework-4.1.3.jar;C:\Documents and Settings\petar.tahchiev\.m2\repository\javax\servlet\servlet-api\2.5\servlet-api-2.5.jar;C:\Documents and Settings\petar.tahchiev\.m2\repository\org\apache\geronimo\specs\geronimo-jms_1.1_spec\1.0\geronimo-jms_1.1_spec-1.0.jar;C:\Documents and Settings\petar.tahchiev\.m2\repository\mockobjects\mockobjects-core\0.09\mockobjects-core-0.09.jar;C:\Documents and Settings\petar.tahchiev\.m2\repository\mockobjects\mockobjects-jdk1.4-j2ee1.3\0.09\mockobjects-jdk1.4-j2ee1.3-0.09.jar;C:\Documents and Settings\petar.tahchiev\.m2\repository\junit\junit\4.5\junit-4.5.jar;C:\Documents and Settings\petar.tahchiev\.m2\repository\org\apache\geronimo\specs\geronimo-ejb_3.0_spec\1.0\geronimo-ejb_3.0_spec-1.0.jar;C:\Documents and Settings\petar.tahchiev\.m2\repository\commons-httpclient\commons-httpclient\3.1\commons-httpclient-3.1.jar;C:\Documents and Settings\petar.tahchiev\.m2\repository\commons-codec\commons-codec\1.3\commons-codec-1.3.jar;C:\Documents and Settings\petar.tahchiev\.m2\repository\aspectj\aspectjrt\1.5.3\aspectjrt-1.5.3.jar;C:\Documents and Settings\petar.tahchiev\.m2\repository\tomcat\jasper-compiler\5.5.9\jasper-compiler-5.5.9.jar;C:\Documents and Settings\petar.tahchiev\.m2\repository\tomcat\jasper-runtime\5.5.9\jasper-runtime-5.5.9.jar;C:\Documents and Settings\petar.tahchiev\.m2\repository\nekohtml\nekohtml\1.9.6\nekohtml-1.9.6.jar;C:\Documents and Settings\petar.tahchiev\.m2\repository\org\codehaus\cargo\cargo-core-uberjar\1.0-alpha-4\cargo-core-uberjar-1.0-alpha-4.jar;C:\Documents and Settings\petar.tahchiev\.m2\repository\org\codehaus\cargo\cargo-ant\1.0-alpha-4\cargo-ant-1.0-alpha-4.jar;C:\Documents and Settings\petar.tahchiev\.m2\repository\org\mortbay\jetty\org.mortbay.jetty\5.1.9\org.mortbay.jetty-5.1.9.jar;C:\Documents and Settings\petar.tahchiev\.m2\repository\javax\servlet\jsp-api\2.0\jsp-api-2.0.jar;C:\Documents and Settings\petar.tahchiev\.m2\repository\org\apache\cactus\cactus.integration.ant\1.8.1\cactus.integration.ant-1.8.1.jar;C:\Documents and Settings\petar.tahchiev\.m2\repository\org\apache\cactus\cactus.integration.shared.api\1.8.1\cactus.integration.shared.api-1.8.1.jar;C:\Documents and Settings\petar.tahchiev\.m2\repository\ant\ant\1.6.5\ant-1.6.5.jar;C:\Documents and Settings\petar.tahchiev\.m2\repository\jdom\jdom\1.0\jdom-1.0.jar;C:\Documents and Settings\petar.tahchiev\.m2\repository\httpunit\httpunit\1.6\httpunit-1.6.jar;C:\Documents and Settings\petar.tahchiev\.m2\repository\ant\ant-launcher\1.6.5\ant-launcher-1.6.5.jar;C:\Documents and Settings\petar.tahchiev\.m2\repository\xerces\xercesImpl\2.6.2\xercesImpl-2.6.2.jar;C:\Documents and Settings\petar.tahchiev\.m2\repository\xml-apis\xml-apis\1.3.04\xml-apis-1.3.04.jar;C:\Documents and Settings\petar.tahchiev\.m2\repository\ant\ant-junit\1.6.5\ant-junit-1.6.5.jar;C:\Documents and Settings\petar.tahchiev\.m2\repository\org\jdom\jdom\1.1\jdom-1.1.jar;C:\Documents and Settings\petar.tahchiev\.m2\repository\commons-el\commons-el\1.0\commons-el-1.0.jar;C:\Documents and Settings\petar.tahchiev\.m2\repository\commons-beanutils\commons-beanutils\1.8.0\commons-beanutils-1.8.0.jar;C:\Documents and Settings\petar.tahchiev\.m2\repository\org\codehaus\cargo\cargo-core-api-generic\1.0-alpha-4\cargo-core-api-generic-1.0-alpha-4.jar;C:\Documents and Settings\petar.tahchiev\.m2\repository\org\codehaus\cargo\cargo-core-api-container\1.0-alpha-4\cargo-core-api-container-1.0-alpha-4.jar;C:\Documents and Settings\petar.tahchiev\.m2\repository\org\codehaus\cargo\cargo-core-api-module\1.0-alpha-4\cargo-core-api-module-1.0-alpha-4.jar;C:\Documents and Settings\petar.tahchiev\.m2\repository\org\codehaus\cargo\cargo-core-api-util\1.0-alpha-4\cargo-core-api-util-1.0-alpha-4.jar;C:\Documents and Settings\petar.tahchiev\.m2\repository\dom4j\dom4j\1.6.1\dom4j-1.6.1.jar;C:\Documents and Settings\petar.tahchiev\.m2\repository\jaxen\jaxen\1.1.1\jaxen-1.1.1.jar;C:\Documents and Settings\petar.tahchiev\.m2\repository\org\apache\geronimo\specs\geronimo-j2ee-deployment_1.1_spec\1.0\geronimo-j2ee-deployment_1.1_spec-1.0.jar;C:\Documents and Settings\petar.tahchiev\.m2\repository\org\codehaus\cargo\cargo-core-container-geronimo\1.0-alpha-4\cargo-core-container-geronimo-1.0-alpha-4.jar;C:\Documents and Settings\petar.tahchiev\.m2\repository\org\codehaus\cargo\cargo-core-container-jboss\1.0-alpha-4\cargo-core-container-jboss-1.0-alpha-4.jar;C:\Documents and Settings\petar.tahchiev\.m2\repository\org\codehaus\cargo\cargo-core-container-jetty\1.0-alpha-4\cargo-core-container-jetty-1.0-alpha-4.jar;C:\Documents and Settings\petar.tahchiev\.m2\repository\org\codehaus\cargo\cargo-core-container-jo\1.0-alpha-4\cargo-core-container-jo-1.0-alpha-4.jar;C:\Documents and Settings\petar.tahchiev\.m2\repository\org\codehaus\cargo\cargo-core-container-orion\1.0-alpha-4\cargo-core-container-orion-1.0-alpha-4.jar;C:\Documents and Settings\petar.tahchiev\.m2\repository\org\codehaus\cargo\cargo-core-container-resin\1.0-alpha-4\cargo-core-container-resin-1.0-alpha-4.jar;C:\Documents and Settings\petar.tahchiev\.m2\repository\org\codehaus\cargo\cargo-core-container-tomcat\1.0-alpha-4\cargo-core-container-tomcat-1.0-alpha-4.jar;C:\Documents and Settings\petar.tahchiev\.m2\repository\org\codehaus\cargo\cargo-core-container-weblogic\1.0-alpha-4\cargo-core-container-weblogic-1.0-alpha-4.jar;C:\Documents and Settings\petar.tahchiev\.m2\repository\xerces\xmlParserAPIs\2.2.1\xmlParserAPIs-2.2.1.jar;C:\Documents and Settings\petar.tahchiev\.m2\repository\rhino\js\1.5R4.1\js-1.5R4.1.jar;C:\Documents and Settings\petar.tahchiev\.m2\repository\jtidy\jtidy\4aug2000r7-dev\jtidy-4aug2000r7-dev.jar;C:\Documents and Settings\petar.tahchiev\.m2\repository\htmlunit\htmlunit\1.10\htmlunit-1.10.jar;C:\Documents and Settings\petar.tahchiev\.m2\repository\xom\xom\1.0\xom-1.0.jar;C:\Documents and Settings\petar.tahchiev\.m2\repository\com\ibm\icu\icu4j\2.6.1\icu4j-2.6.1.jar;C:\Documents and Settings\petar.tahchiev\.m2\repository\xalan\xalan\2.6.0\xalan-2.6.0.jar;C:\Documents and Settings\petar.tahchiev\.m2\repository\commons-collections\commons-collections\3.2\commons-collections-3.2.jar;C:\Documents and Settings\petar.tahchiev\.m2\repository\commons-lang\commons-lang\2.1\commons-lang-2.1.jar;C:\Documents and Settings\petar.tahchiev\.m2\repository\commons-io\commons-io\1.2\commons-io-1.2.jar;C:\Documents and Settings\petar.tahchiev\.m2\repository\javax\servlet\jstl\1.1.2\jstl-1.1.2.jar;C:\Documents and Settings\petar.tahchiev\.m2\repository\taglibs\standard\1.1.2\standard-1.1.2.jar;"/>
    <property name="java.specification.name" value="Java Platform API Specification"/>
    <property name="java.class.version" value="50.0"/>
    <property name="sun.management.compiler" value="HotSpot Client Compiler"/>
    <property name="os.version" value="5.1"/>
    <property name="user.home" value="C:\Documents and Settings\petar.tahchiev"/>
    <property name="user.timezone" value=""/>
    <property name="java.awt.printerjob" value="sun.awt.windows.WPrinterJob"/>
    <property name="java.specification.version" value="1.6"/>
    <property name="file.encoding" value="Cp1252"/>
    <property name="user.name" value="petar.tahchiev"/>
    <property name="java.class.path" value="C:\junitbook2\ch14-cactus\war\target\test-classes;C:\junitbook2\ch14-cactus\war\target\classes;C:\Documents and Settings\petar.tahchiev\.m2\repository\org\apache\cactus\cactus.core.framework.uberjar.javaEE.14\1.8.1\cactus.core.framework.uberjar.javaEE.14-1.8.1.jar;C:\Documents and Settings\petar.tahchiev\.m2\repository\org\apache\cactus\cactus.core.framework.wrapper.javaEE.14\1.8.1\cactus.core.framework.wrapper.javaEE.14-1.8.1.jar;C:\Documents and Settings\petar.tahchiev\.m2\repository\org\apache\cactus\cactus.core.framework.javaEE.13-14\1.8.1\cactus.core.framework.javaEE.13-14-1.8.1.jar;C:\Documents and Settings\petar.tahchiev\.m2\repository\org\apache\cactus\cactus.core.framework.javaEE.12-13-14\1.8.1\cactus.core.framework.javaEE.12-13-14-1.8.1.jar;C:\Documents and Settings\petar.tahchiev\.m2\repository\commons-logging\commons-logging\1.1\commons-logging-1.1.jar;C:\Documents and Settings\petar.tahchiev\.m2\repository\log4j\log4j\1.2.12\log4j-1.2.12.jar;C:\Documents and Settings\petar.tahchiev\.m2\repository\logkit\logkit\1.0.1\logkit-1.0.1.jar;C:\Documents and Settings\petar.tahchiev\.m2\repository\avalon-framework\avalon-framework\4.1.3\avalon-framework-4.1.3.jar;C:\Documents and Settings\petar.tahchiev\.m2\repository\javax\servlet\servlet-api\2.5\servlet-api-2.5.jar;C:\Documents and Settings\petar.tahchiev\.m2\repository\org\apache\geronimo\specs\geronimo-jms_1.1_spec\1.0\geronimo-jms_1.1_spec-1.0.jar;C:\Documents and Settings\petar.tahchiev\.m2\repository\mockobjects\mockobjects-core\0.09\mockobjects-core-0.09.jar;C:\Documents and Settings\petar.tahchiev\.m2\repository\mockobjects\mockobjects-jdk1.4-j2ee1.3\0.09\mockobjects-jdk1.4-j2ee1.3-0.09.jar;C:\Documents and Settings\petar.tahchiev\.m2\repository\junit\junit\4.5\junit-4.5.jar;C:\Documents and Settings\petar.tahchiev\.m2\repository\org\apache\geronimo\specs\geronimo-ejb_3.0_spec\1.0\geronimo-ejb_3.0_spec-1.0.jar;C:\Documents and Settings\petar.tahchiev\.m2\repository\commons-httpclient\commons-httpclient\3.1\commons-httpclient-3.1.jar;C:\Documents and Settings\petar.tahchiev\.m2\repository\commons-codec\commons-codec\1.3\commons-codec-1.3.jar;C:\Documents and Settings\petar.tahchiev\.m2\repository\aspectj\aspectjrt\1.5.3\aspectjrt-1.5.3.jar;C:\Documents and Settings\petar.tahchiev\.m2\repository\tomcat\jasper-compiler\5.5.9\jasper-compiler-5.5.9.jar;C:\Documents and Settings\petar.tahchiev\.m2\repository\tomcat\jasper-runtime\5.5.9\jasper-runtime-5.5.9.jar;C:\Documents and Settings\petar.tahchiev\.m2\repository\nekohtml\nekohtml\1.9.6\nekohtml-1.9.6.jar;C:\Documents and Settings\petar.tahchiev\.m2\repository\org\codehaus\cargo\cargo-core-uberjar\1.0-alpha-4\cargo-core-uberjar-1.0-alpha-4.jar;C:\Documents and Settings\petar.tahchiev\.m2\repository\org\codehaus\cargo\cargo-ant\1.0-alpha-4\cargo-ant-1.0-alpha-4.jar;C:\Documents and Settings\petar.tahchiev\.m2\repository\org\mortbay\jetty\org.mortbay.jetty\5.1.9\org.mortbay.jetty-5.1.9.jar;C:\Documents and Settings\petar.tahchiev\.m2\repository\javax\servlet\jsp-api\2.0\jsp-api-2.0.jar;C:\Documents and Settings\petar.tahchiev\.m2\repository\org\apache\cactus\cactus.integration.ant\1.8.1\cactus.integration.ant-1.8.1.jar;C:\Documents and Settings\petar.tahchiev\.m2\repository\org\apache\cactus\cactus.integration.shared.api\1.8.1\cactus.integration.shared.api-1.8.1.jar;C:\Documents and Settings\petar.tahchiev\.m2\repository\ant\ant\1.6.5\ant-1.6.5.jar;C:\Documents and Settings\petar.tahchiev\.m2\repository\jdom\jdom\1.0\jdom-1.0.jar;C:\Documents and Settings\petar.tahchiev\.m2\repository\httpunit\httpunit\1.6\httpunit-1.6.jar;C:\Documents and Settings\petar.tahchiev\.m2\repository\ant\ant-launcher\1.6.5\ant-launcher-1.6.5.jar;C:\Documents and Settings\petar.tahchiev\.m2\repository\xerces\xercesImpl\2.6.2\xercesImpl-2.6.2.jar;C:\Documents and Settings\petar.tahchiev\.m2\repository\xml-apis\xml-apis\1.3.04\xml-apis-1.3.04.jar;C:\Documents and Settings\petar.tahchiev\.m2\repository\ant\ant-junit\1.6.5\ant-junit-1.6.5.jar;C:\Documents and Settings\petar.tahchiev\.m2\repository\org\jdom\jdom\1.1\jdom-1.1.jar;C:\Documents and Settings\petar.tahchiev\.m2\repository\commons-el\commons-el\1.0\commons-el-1.0.jar;C:\Documents and Settings\petar.tahchiev\.m2\repository\commons-beanutils\commons-beanutils\1.8.0\commons-beanutils-1.8.0.jar;C:\Documents and Settings\petar.tahchiev\.m2\repository\org\codehaus\cargo\cargo-core-api-generic\1.0-alpha-4\cargo-core-api-generic-1.0-alpha-4.jar;C:\Documents and Settings\petar.tahchiev\.m2\repository\org\codehaus\cargo\cargo-core-api-container\1.0-alpha-4\cargo-core-api-container-1.0-alpha-4.jar;C:\Documents and Settings\petar.tahchiev\.m2\repository\org\codehaus\cargo\cargo-core-api-module\1.0-alpha-4\cargo-core-api-module-1.0-alpha-4.jar;C:\Documents and Settings\petar.tahchiev\.m2\repository\org\codehaus\cargo\cargo-core-api-util\1.0-alpha-4\cargo-core-api-util-1.0-alpha-4.jar;C:\Documents and Settings\petar.tahchiev\.m2\repository\dom4j\dom4j\1.6.1\dom4j-1.6.1.jar;C:\Documents and Settings\petar.tahchiev\.m2\repository\jaxen\jaxen\1.1.1\jaxen-1.1.1.jar;C:\Documents and Settings\petar.tahchiev\.m2\repository\org\apache\geronimo\specs\geronimo-j2ee-deployment_1.1_spec\1.0\geronimo-j2ee-deployment_1.1_spec-1.0.jar;C:\Documents and Settings\petar.tahchiev\.m2\repository\org\codehaus\cargo\cargo-core-container-geronimo\1.0-alpha-4\cargo-core-container-geronimo-1.0-alpha-4.jar;C:\Documents and Settings\petar.tahchiev\.m2\repository\org\codehaus\cargo\cargo-core-container-jboss\1.0-alpha-4\cargo-core-container-jboss-1.0-alpha-4.jar;C:\Documents and Settings\petar.tahchiev\.m2\repository\org\codehaus\cargo\cargo-core-container-jetty\1.0-alpha-4\cargo-core-container-jetty-1.0-alpha-4.jar;C:\Documents and Settings\petar.tahchiev\.m2\repository\org\codehaus\cargo\cargo-core-container-jo\1.0-alpha-4\cargo-core-container-jo-1.0-alpha-4.jar;C:\Documents and Settings\petar.tahchiev\.m2\repository\org\codehaus\cargo\cargo-core-container-orion\1.0-alpha-4\cargo-core-container-orion-1.0-alpha-4.jar;C:\Documents and Settings\petar.tahchiev\.m2\repository\org\codehaus\cargo\cargo-core-container-resin\1.0-alpha-4\cargo-core-container-resin-1.0-alpha-4.jar;C:\Documents and Settings\petar.tahchiev\.m2\repository\org\codehaus\cargo\cargo-core-container-tomcat\1.0-alpha-4\cargo-core-container-tomcat-1.0-alpha-4.jar;C:\Documents and Settings\petar.tahchiev\.m2\repository\org\codehaus\cargo\cargo-core-container-weblogic\1.0-alpha-4\cargo-core-container-weblogic-1.0-alpha-4.jar;C:\Documents and Settings\petar.tahchiev\.m2\repository\xerces\xmlParserAPIs\2.2.1\xmlParserAPIs-2.2.1.jar;C:\Documents and Settings\petar.tahchiev\.m2\repository\rhino\js\1.5R4.1\js-1.5R4.1.jar;C:\Documents and Settings\petar.tahchiev\.m2\repository\jtidy\jtidy\4aug2000r7-dev\jtidy-4aug2000r7-dev.jar;C:\Documents and Settings\petar.tahchiev\.m2\repository\htmlunit\htmlunit\1.10\htmlunit-1.10.jar;C:\Documents and Settings\petar.tahchiev\.m2\repository\xom\xom\1.0\xom-1.0.jar;C:\Documents and Settings\petar.tahchiev\.m2\repository\com\ibm\icu\icu4j\2.6.1\icu4j-2.6.1.jar;C:\Documents and Settings\petar.tahchiev\.m2\repository\xalan\xalan\2.6.0\xalan-2.6.0.jar;C:\Documents and Settings\petar.tahchiev\.m2\repository\commons-collections\commons-collections\3.2\commons-collections-3.2.jar;C:\Documents and Settings\petar.tahchiev\.m2\repository\commons-lang\commons-lang\2.1\commons-lang-2.1.jar;C:\Documents and Settings\petar.tahchiev\.m2\repository\commons-io\commons-io\1.2\commons-io-1.2.jar;C:\Documents and Settings\petar.tahchiev\.m2\repository\javax\servlet\jstl\1.1.2\jstl-1.1.2.jar;C:\Documents and Settings\petar.tahchiev\.m2\repository\taglibs\standard\1.1.2\standard-1.1.2.jar;"/>
    <property name="java.vm.specification.version" value="1.0"/>
    <property name="sun.arch.data.model" value="32"/>
    <property name="java.home" value="C:\Program Files\Java\jdk1.6.0_10\jre"/>
    <property name="cactus.contextURL" value="http://localhost:8080/test"/>
    <property name="java.specification.vendor" value="Sun Microsystems Inc."/>
    <property name="user.language" value="en"/>
    <property name="awt.toolkit" value="sun.awt.windows.WToolkit"/>
    <property name="java.vm.info" value="mixed mode, sharing"/>
    <property name="java.version" value="1.6.0_10"/>
    <property name="java.ext.dirs" value="C:\Program Files\Java\jdk1.6.0_10\jre\lib\ext;C:\WINDOWS\Sun\Java\lib\ext"/>
    <property name="sun.boot.class.path" value="C:\Program Files\Java\jdk1.6.0_10\jre\lib\resources.jar;C:\Program Files\Java\jdk1.6.0_10\jre\lib\rt.jar;C:\Program Files\Java\jdk1.6.0_10\jre\lib\sunrsasign.jar;C:\Program Files\Java\jdk1.6.0_10\jre\lib\jsse.jar;C:\Program Files\Java\jdk1.6.0_10\jre\lib\jce.jar;C:\Program Files\Java\jdk1.6.0_10\jre\lib\charsets.jar;C:\Program Files\Java\jdk1.6.0_10\jre\classes"/>
    <property name="java.vendor" value="Sun Microsystems Inc."/>
    <property name="localRepository" value="C:\Documents and Settings\petar.tahchiev\.m2\repository"/>
    <property name="file.separator" value="\"/>
    <property name="java.vendor.url.bug" value="http://java.sun.com/cgi-bin/bugreport.cgi"/>
    <property name="sun.cpu.endian" value="little"/>
    <property name="sun.io.unicode.encoding" value="UnicodeLittle"/>
    <property name="sun.desktop" value="windows"/>
    <property name="sun.cpu.isalist" value="pentium_pro+mmx pentium_pro pentium+mmx pentium i486 i386 i86"/>
  </properties>
  <testcase time="0.031" classname="com.manning.junitbook.ch14.servlets.TestAdminServlet" name="testGetCommandOk"/>
  <testcase time="0.016" classname="com.manning.junitbook.ch14.servlets.TestAdminServlet" name="testGetCommandNotDefined"/>
  <testcase time="0.016" classname="com.manning.junitbook.ch14.servlets.TestAdminServlet" name="testCallView"/>
  <testcase time="0" classname="com.manning.junitbook.ch14.servlets.TestAdminServlet" name="testDoGet"/>
</testsuite>