<?xml version="1.0" encoding="UTF-8" ?>
<testsuite errors="0" failures="0" hostname="ylong-work" name="com.manning.junitbook.ch09.ant.TestDefaultController" skipped="0" tests="5" time="0.068" timestamp="2015-03-20T03:41:10">
  <properties>
    <property name="java.vendor" value="Oracle Corporation" />
    <property name="src.test.dir" value="D:\Resource\JUnitInAction2\ch09-ant\src\test" />
    <property name="sun.java.launcher" value="SUN_STANDARD" />
    <property name="sun.management.compiler" value="HotSpot 64-Bit Tiered Compilers" />
    <property name="os.name" value="Windows 7" />
    <property name="sun.boot.class.path" value="C:\Dev\Java\jdk1.8.0_40\jre\lib\resources.jar;C:\Dev\Java\jdk1.8.0_40\jre\lib\rt.jar;C:\Dev\Java\jdk1.8.0_40\jre\lib\sunrsasign.jar;C:\Dev\Java\jdk1.8.0_40\jre\lib\jsse.jar;C:\Dev\Java\jdk1.8.0_40\jre\lib\jce.jar;C:\Dev\Java\jdk1.8.0_40\jre\lib\charsets.jar;C:\Dev\Java\jdk1.8.0_40\jre\lib\jfr.jar;C:\Dev\Java\jdk1.8.0_40\jre\classes" />
    <property name="sun.desktop" value="windows" />
    <property name="java.vm.specification.vendor" value="Oracle Corporation" />
    <property name="ant.home" value="D:\Code\eclipse-java-luna-R-win32-x86_64\plugins\org.apache.ant_1.9.2.v201404171502" />
    <property name="java.runtime.version" value="1.8.0_40-b25" />
    <property name="src.java.dir" value="D:\Resource\JUnitInAction2\ch09-ant\src\java" />
    <property name="user.name" value="ylong" />
    <property name="user.language" value="zh" />
    <property name="sun.boot.library.path" value="C:\Dev\Java\jdk1.8.0_40\jre\bin" />
    <property name="ant.project.default-target" value="test" />
    <property name="ant.project.name" value="ch09-ant" />
    <property name="java.version" value="1.8.0_40" />
    <property name="user.timezone" value="Asia/Shanghai" />
    <property name="ant.file.type.ch09-ant" value="file" />
    <property name="sun.arch.data.model" value="64" />
    <property name="java.endorsed.dirs" value="C:\Dev\Java\jdk1.8.0_40\jre\lib\endorsed" />
    <property name="sun.cpu.isalist" value="amd64" />
    <property name="sun.jnu.encoding" value="GBK" />
    <property name="file.encoding.pkg" value="sun.io" />
    <property name="file.separator" value="\" />
    <property name="java.specification.name" value="Java Platform API Specification" />
    <property name="java.class.version" value="52.0" />
    <property name="user.country" value="CN" />
    <property name="java.home" value="C:\Dev\Java\jdk1.8.0_40\jre" />
    <property name="java.vm.info" value="mixed mode" />
    <property name="ant.file" value="D:\Resource\JUnitInAction2\ch09-ant\build.xml" />
    <property name="os.version" value="6.1" />
    <property name="path.separator" value=";" />
    <property name="java.vm.version" value="25.40-b25" />
    <property name="user.variant" value="" />
    <property name="ant.library.dir" value="D:\Code\eclipse-java-luna-R-win32-x86_64\plugins\org.apache.ant_1.9.2.v201404171502\lib" />
    <property name="java.awt.printerjob" value="sun.awt.windows.WPrinterJob" />
    <property name="sun.io.unicode.encoding" value="UnicodeLittle" />
    <property name="awt.toolkit" value="sun.awt.windows.WToolkit" />
    <property name="user.script" value="" />
    <property name="user.home" value="C:\Users\ylong" />
    <property name="java.specification.vendor" value="Oracle Corporation" />
    <property name="java.library.path" value="C:\Dev\Java\jdk1.8.0_40\bin;C:\Windows\Sun\Java\bin;C:\Windows\system32;C:\Windows;C:\ProgramData\Oracle\Java\javapath;C:\Windows\system32;C:\Windows;C:\Windows\System32\Wbem;C:\Windows\System32\WindowsPowerShell\v1.0\;C:\Program Files\TortoiseSVN\bin;C:\Program Files\TortoiseGit\bin;C:\Dev\Java\jdk1.8.0_40;\bin;C:\Dev\Java\jdk1.8.0_40;\jre\bin;;.;D:\Code\eclipse-java-luna-R-win32-x86_64\configuration\org.eclipse.osgi\670\0\.cp" />
    <property name="java.vendor.url" value="http://java.oracle.com/" />
    <property name="java.vm.vendor" value="Oracle Corporation" />
    <property name="java.runtime.name" value="Java(TM) SE Runtime Environment" />
    <property name="sun.java.command" value="org.eclipse.ant.internal.launching.remote.InternalAntRunner -Dorg.eclipse.ant.core.ANT_PROCESS_ID=1426822869394 -Declipse.connect.port=54144 -Dant.home=D:\Code\eclipse-java-luna-R-win32-x86_64\plugins\org.apache.ant_1.9.2.v201404171502 -logger org.eclipse.ant.internal.launching.remote.logger.RemoteAntBuildLogger -inputhandler org.eclipse.ant.internal.ui.antsupport.inputhandler.ProxyInputHandler -buildfile D:\Resource\JUnitInAction2\ch09-ant\build.xml" />
    <property name="java.class.path" value="D:\Code\eclipse-java-luna-R-win32-x86_64\plugins\org.apache.ant_1.9.2.v201404171502\lib\ant-antlr.jar;D:\Code\eclipse-java-luna-R-win32-x86_64\plugins\org.apache.ant_1.9.2.v201404171502\lib\ant-apache-bcel.jar;D:\Code\eclipse-java-luna-R-win32-x86_64\plugins\org.apache.ant_1.9.2.v201404171502\lib\ant-apache-bsf.jar;D:\Code\eclipse-java-luna-R-win32-x86_64\plugins\org.apache.ant_1.9.2.v201404171502\lib\ant-apache-log4j.jar;D:\Code\eclipse-java-luna-R-win32-x86_64\plugins\org.apache.ant_1.9.2.v201404171502\lib\ant-apache-oro.jar;D:\Code\eclipse-java-luna-R-win32-x86_64\plugins\org.apache.ant_1.9.2.v201404171502\lib\ant-apache-regexp.jar;D:\Code\eclipse-java-luna-R-win32-x86_64\plugins\org.apache.ant_1.9.2.v201404171502\lib\ant-apache-resolver.jar;D:\Code\eclipse-java-luna-R-win32-x86_64\plugins\org.apache.ant_1.9.2.v201404171502\lib\ant-apache-xalan2.jar;D:\Code\eclipse-java-luna-R-win32-x86_64\plugins\org.apache.ant_1.9.2.v201404171502\lib\ant-commons-logging.jar;D:\Code\eclipse-java-luna-R-win32-x86_64\plugins\org.apache.ant_1.9.2.v201404171502\lib\ant-commons-net.jar;D:\Code\eclipse-java-luna-R-win32-x86_64\plugins\org.apache.ant_1.9.2.v201404171502\lib\ant-jai.jar;D:\Code\eclipse-java-luna-R-win32-x86_64\plugins\org.apache.ant_1.9.2.v201404171502\lib\ant-javamail.jar;D:\Code\eclipse-java-luna-R-win32-x86_64\plugins\org.apache.ant_1.9.2.v201404171502\lib\ant-jdepend.jar;D:\Code\eclipse-java-luna-R-win32-x86_64\plugins\org.apache.ant_1.9.2.v201404171502\lib\ant-jmf.jar;D:\Code\eclipse-java-luna-R-win32-x86_64\plugins\org.apache.ant_1.9.2.v201404171502\lib\ant-jsch.jar;D:\Code\eclipse-java-luna-R-win32-x86_64\plugins\org.apache.ant_1.9.2.v201404171502\lib\ant-junit.jar;D:\Code\eclipse-java-luna-R-win32-x86_64\plugins\org.apache.ant_1.9.2.v201404171502\lib\ant-junit4.jar;D:\Code\eclipse-java-luna-R-win32-x86_64\plugins\org.apache.ant_1.9.2.v201404171502\lib\ant-launcher.jar;D:\Code\eclipse-java-luna-R-win32-x86_64\plugins\org.apache.ant_1.9.2.v201404171502\lib\ant-netrexx.jar;D:\Code\eclipse-java-luna-R-win32-x86_64\plugins\org.apache.ant_1.9.2.v201404171502\lib\ant-swing.jar;D:\Code\eclipse-java-luna-R-win32-x86_64\plugins\org.apache.ant_1.9.2.v201404171502\lib\ant-testutil.jar;D:\Code\eclipse-java-luna-R-win32-x86_64\plugins\org.apache.ant_1.9.2.v201404171502\lib\ant.jar;D:\Code\eclipse-java-luna-R-win32-x86_64\configuration\org.eclipse.osgi\56\0\.cp\lib\antdebug.jar;D:\Code\eclipse-java-luna-R-win32-x86_64\configuration\org.eclipse.osgi\56\0\.cp\lib\remote.jar;D:\Code\eclipse-java-luna-R-win32-x86_64\configuration\org.eclipse.osgi\57\0\.cp\lib\remoteAnt.jar;C:\Dev\Java\jdk1.8.0_40\lib\tools.jar;D:\Code\eclipse-java-luna-R-win32-x86_64\plugins\org.eclipse.swt.win32.win32.x86_64_3.103.2.v20150203-1351.jar" />
    <property name="ant.version" value="Apache Ant(TM) version 1.9.2 compiled on July 8 2013" />
    <property name="ant.file.ch09-ant" value="D:\Resource\JUnitInAction2\ch09-ant\build.xml" />
    <property name="java.vm.specification.name" value="Java Virtual Machine Specification" />
    <property name="target.classes.test.dir" value="D:\Resource\JUnitInAction2\ch09-ant\target\classes\test" />
    <property name="java.vm.specification.version" value="1.8" />
    <property name="junit.jar" value="D:\Resource\JUnitInAction2\ch09-ant\lib\junit-4.6.jar" />
    <property name="sun.cpu.endian" value="little" />
    <property name="sun.os.patch.level" value="Service Pack 1" />
    <property name="tests" value="TestDefaultController" />
    <property name="java.io.tmpdir" value="C:\Users\ylong\AppData\Local\Temp\" />
    <property name="java.vendor.url.bug" value="http://bugreport.sun.com/bugreport/" />
    <property name="os.arch" value="amd64" />
    <property name="java.awt.graphicsenv" value="sun.awt.Win32GraphicsEnvironment" />
    <property name="java.ext.dirs" value="C:\Dev\Java\jdk1.8.0_40\jre\lib\ext;C:\Windows\Sun\Java\lib\ext" />
    <property name="target.report.dir" value="D:\Resource\JUnitInAction2\ch09-ant\target\report" />
    <property name="user.dir" value="D:\Resource\JUnitInAction2\ch09-ant" />
    <property name="target.classes.java.dir" value="D:\Resource\JUnitInAction2\ch09-ant\target\classes\java" />
    <property name="line.separator" value="&#xd;&#xa;" />
    <property name="java.vm.name" value="Java HotSpot(TM) 64-Bit Server VM" />
    <property name="basedir" value="D:\Resource\JUnitInAction2\ch09-ant" />
    <property name="ant.java.version" value="1.8" />
    <property name="ant.core.lib" value="D:\Code\eclipse-java-luna-R-win32-x86_64\plugins\org.apache.ant_1.9.2.v201404171502\lib\ant.jar" />
    <property name="file.encoding" value="UTF-8" />
    <property name="target.dir" value="D:\Resource\JUnitInAction2\ch09-ant\target" />
    <property name="java.specification.version" value="1.8" />
    <property name="src.dir" value="D:\Resource\JUnitInAction2\ch09-ant\src" />
    <property name="ant.project.invoked-targets" value="test" />
  </properties>
  <testcase classname="com.manning.junitbook.ch09.ant.TestDefaultController" name="testProcessRequestAnswersErrorResponse" time="0.006" />
  <testcase classname="com.manning.junitbook.ch09.ant.TestDefaultController" name="testGetHandlerNotDefined" time="0.001" />
  <testcase classname="com.manning.junitbook.ch09.ant.TestDefaultController" name="testAddRequestDuplicateName" time="0.0" />
  <testcase classname="com.manning.junitbook.ch09.ant.TestDefaultController" name="testProcessRequest" time="0.0" />
  <testcase classname="com.manning.junitbook.ch09.ant.TestDefaultController" name="testAddHandler" time="0.0" />
  <system-out><![CDATA[]]></system-out>
  <system-err><![CDATA[]]></system-err>
</testsuite>
